{"/home/david/Dev/notAlone/frontend/src/crypto/key-exchange.ts": {"path":"/home/david/Dev/notAlone/frontend/src/crypto/key-exchange.ts","statementMap":{"0":{"start":{"line":18,"column":4},"end":{"line":23,"column":5}},"1":{"start":{"line":19,"column":6},"end":{"line":19,"column":35}},"2":{"start":{"line":22,"column":6},"end":{"line":22,"column":40}},"3":{"start":{"line":26,"column":4},"end":{"line":26,"column":58}},"4":{"start":{"line":35,"column":4},"end":{"line":37,"column":5}},"5":{"start":{"line":36,"column":6},"end":{"line":36,"column":71}},"6":{"start":{"line":39,"column":25},"end":{"line":39,"column":81}},"7":{"start":{"line":40,"column":4},"end":{"line":40,"column":24}},"8":{"start":{"line":57,"column":24},"end":{"line":57,"column":42}},"9":{"start":{"line":58,"column":24},"end":{"line":58,"column":82}},"10":{"start":{"line":60,"column":4},"end":{"line":66,"column":6}},"11":{"start":{"line":74,"column":4},"end":{"line":74,"column":42}},"12":{"start":{"line":82,"column":4},"end":{"line":82,"column":43}},"13":{"start":{"line":91,"column":4},"end":{"line":93,"column":5}},"14":{"start":{"line":92,"column":6},"end":{"line":92,"column":72}},"15":{"start":{"line":94,"column":4},"end":{"line":94,"column":52}},"16":{"start":{"line":103,"column":4},"end":{"line":103,"column":35}},"17":{"start":{"line":127,"column":16},"end":{"line":127,"column":71}},"18":{"start":{"line":130,"column":16},"end":{"line":130,"column":71}},"19":{"start":{"line":133,"column":16},"end":{"line":133,"column":72}},"20":{"start":{"line":136,"column":25},"end":{"line":136,"column":43}},"21":{"start":{"line":137,"column":4},"end":{"line":137,"column":29}},"22":{"start":{"line":138,"column":4},"end":{"line":138,"column":30}},"23":{"start":{"line":139,"column":4},"end":{"line":139,"column":30}},"24":{"start":{"line":142,"column":4},"end":{"line":148,"column":6}},"25":{"start":{"line":166,"column":16},"end":{"line":166,"column":71}},"26":{"start":{"line":169,"column":16},"end":{"line":169,"column":71}},"27":{"start":{"line":172,"column":16},"end":{"line":172,"column":72}},"28":{"start":{"line":175,"column":25},"end":{"line":175,"column":43}},"29":{"start":{"line":176,"column":4},"end":{"line":176,"column":29}},"30":{"start":{"line":177,"column":4},"end":{"line":177,"column":30}},"31":{"start":{"line":178,"column":4},"end":{"line":178,"column":30}},"32":{"start":{"line":181,"column":4},"end":{"line":187,"column":6}},"33":{"start":{"line":211,"column":31},"end":{"line":211,"column":33}},"34":{"start":{"line":213,"column":4},"end":{"line":220,"column":5}},"35":{"start":{"line":213,"column":17},"end":{"line":213,"column":18}},"36":{"start":{"line":214,"column":22},"end":{"line":214,"column":53}},"37":{"start":{"line":215,"column":6},"end":{"line":215,"column":24}},"38":{"start":{"line":216,"column":6},"end":{"line":216,"column":35}},"39":{"start":{"line":218,"column":18},"end":{"line":218,"column":74}},"40":{"start":{"line":219,"column":6},"end":{"line":219,"column":21}},"41":{"start":{"line":222,"column":4},"end":{"line":222,"column":16}},"42":{"start":{"line":235,"column":17},"end":{"line":241,"column":5}},"43":{"start":{"line":243,"column":4},"end":{"line":246,"column":6}},"44":{"start":{"line":259,"column":23},"end":{"line":265,"column":5}},"45":{"start":{"line":268,"column":25},"end":{"line":274,"column":5}},"46":{"start":{"line":276,"column":4},"end":{"line":276,"column":40}}},"fnMap":{"0":{"name":"(anonymous_0)","decl":{"start":{"line":17,"column":2},"end":{"line":17,"column":3}},"loc":{"start":{"line":17,"column":39},"end":{"line":27,"column":3}},"line":17},"1":{"name":"(anonymous_1)","decl":{"start":{"line":34,"column":2},"end":{"line":34,"column":3}},"loc":{"start":{"line":34,"column":63},"end":{"line":41,"column":3}},"line":34},"2":{"name":"(anonymous_2)","decl":{"start":{"line":51,"column":2},"end":{"line":51,"column":3}},"loc":{"start":{"line":56,"column":16},"end":{"line":67,"column":3}},"line":56},"3":{"name":"(anonymous_3)","decl":{"start":{"line":73,"column":2},"end":{"line":73,"column":3}},"loc":{"start":{"line":73,"column":53},"end":{"line":75,"column":3}},"line":73},"4":{"name":"(anonymous_4)","decl":{"start":{"line":81,"column":2},"end":{"line":81,"column":3}},"loc":{"start":{"line":81,"column":33},"end":{"line":83,"column":3}},"line":81},"5":{"name":"(anonymous_5)","decl":{"start":{"line":90,"column":2},"end":{"line":90,"column":3}},"loc":{"start":{"line":90,"column":74},"end":{"line":95,"column":3}},"line":90},"6":{"name":"(anonymous_6)","decl":{"start":{"line":102,"column":2},"end":{"line":102,"column":3}},"loc":{"start":{"line":102,"column":58},"end":{"line":104,"column":3}},"line":102},"7":{"name":"(anonymous_7)","decl":{"start":{"line":120,"column":2},"end":{"line":120,"column":3}},"loc":{"start":{"line":125,"column":16},"end":{"line":149,"column":3}},"line":125},"8":{"name":"(anonymous_8)","decl":{"start":{"line":159,"column":2},"end":{"line":159,"column":3}},"loc":{"start":{"line":164,"column":16},"end":{"line":188,"column":3}},"line":164},"9":{"name":"(anonymous_9)","decl":{"start":{"line":204,"column":2},"end":{"line":204,"column":3}},"loc":{"start":{"line":210,"column":18},"end":{"line":223,"column":3}},"line":210},"10":{"name":"(anonymous_10)","decl":{"start":{"line":231,"column":2},"end":{"line":231,"column":3}},"loc":{"start":{"line":234,"column":51},"end":{"line":247,"column":3}},"line":234},"11":{"name":"(anonymous_11)","decl":{"start":{"line":254,"column":2},"end":{"line":254,"column":3}},"loc":{"start":{"line":257,"column":4},"end":{"line":277,"column":3}},"line":257}},"branchMap":{"0":{"loc":{"start":{"line":18,"column":4},"end":{"line":23,"column":5}},"type":"if","locations":[{"start":{"line":18,"column":4},"end":{"line":23,"column":5}},{"start":{"line":20,"column":11},"end":{"line":23,"column":5}}],"line":18},"1":{"loc":{"start":{"line":35,"column":4},"end":{"line":37,"column":5}},"type":"if","locations":[{"start":{"line":35,"column":4},"end":{"line":37,"column":5}},{"start":{},"end":{}}],"line":35},"2":{"loc":{"start":{"line":55,"column":4},"end":{"line":55,"column":26}},"type":"default-arg","locations":[{"start":{"line":55,"column":24},"end":{"line":55,"column":26}}],"line":55},"3":{"loc":{"start":{"line":63,"column":6},"end":{"line":63,"column":25}},"type":"binary-expr","locations":[{"start":{"line":63,"column":6},"end":{"line":63,"column":10}},{"start":{"line":63,"column":14},"end":{"line":63,"column":25}}],"line":63},"4":{"loc":{"start":{"line":64,"column":6},"end":{"line":64,"column":25}},"type":"binary-expr","locations":[{"start":{"line":64,"column":6},"end":{"line":64,"column":10}},{"start":{"line":64,"column":14},"end":{"line":64,"column":25}}],"line":64},"5":{"loc":{"start":{"line":91,"column":4},"end":{"line":93,"column":5}},"type":"if","locations":[{"start":{"line":91,"column":4},"end":{"line":93,"column":5}},{"start":{},"end":{}}],"line":91},"6":{"loc":{"start":{"line":209,"column":4},"end":{"line":209,"column":26}},"type":"default-arg","locations":[{"start":{"line":209,"column":24},"end":{"line":209,"column":26}}],"line":209}},"s":{"0":13,"1":1,"2":12,"3":13,"4":10,"5":1,"6":9,"7":9,"8":1,"9":1,"10":1,"11":12,"12":1,"13":3,"14":2,"15":1,"16":4,"17":1,"18":1,"19":1,"20":1,"21":1,"22":1,"23":1,"24":1,"25":1,"26":1,"27":1,"28":1,"29":1,"30":1,"31":1,"32":1,"33":2,"34":2,"35":2,"36":5,"37":5,"38":5,"39":5,"40":5,"41":2,"42":1,"43":1,"44":1,"45":1,"46":1},"f":{"0":13,"1":10,"2":1,"3":12,"4":1,"5":3,"6":4,"7":1,"8":1,"9":2,"10":1,"11":1},"b":{"0":[1,12],"1":[1,9],"2":[1],"3":[1,1],"4":[1,1],"5":[2,1],"6":[0]},"_coverageSchema":"1a1c01bbd47fc00a2c39e90264f33305004495a9","hash":"06a31b21355772e7d5565b04c04617c63b362ad0"}
}
