TN:
SF:src/crypto/key-exchange.ts
FN:17,(anonymous_0)
FN:34,(anonymous_1)
FN:51,(anonymous_2)
FN:73,(anonymous_3)
FN:81,(anonymous_4)
FN:90,(anonymous_5)
FN:102,(anonymous_6)
FN:120,(anonymous_7)
FN:159,(anonymous_8)
FN:204,(anonymous_9)
FN:231,(anonymous_10)
FN:254,(anonymous_11)
FNF:12
FNH:12
FNDA:13,(anonymous_0)
FNDA:10,(anonymous_1)
FNDA:1,(anonymous_2)
FNDA:12,(anonymous_3)
FNDA:1,(anonymous_4)
FNDA:3,(anonymous_5)
FNDA:4,(anonymous_6)
FNDA:1,(anonymous_7)
FNDA:1,(anonymous_8)
FNDA:2,(anonymous_9)
FNDA:1,(anonymous_10)
FNDA:1,(anonymous_11)
DA:18,13
DA:19,1
DA:22,12
DA:26,13
DA:35,10
DA:36,1
DA:39,9
DA:40,9
DA:57,1
DA:58,1
DA:60,1
DA:74,12
DA:82,1
DA:91,3
DA:92,2
DA:94,1
DA:103,4
DA:127,1
DA:130,1
DA:133,1
DA:136,1
DA:137,1
DA:138,1
DA:139,1
DA:142,1
DA:166,1
DA:169,1
DA:172,1
DA:175,1
DA:176,1
DA:177,1
DA:178,1
DA:181,1
DA:211,2
DA:213,2
DA:214,5
DA:215,5
DA:216,5
DA:218,5
DA:219,5
DA:222,2
DA:235,1
DA:243,1
DA:259,1
DA:268,1
DA:276,1
LF:46
LH:46
BRDA:18,0,0,1
BRDA:18,0,1,12
BRDA:35,1,0,1
BRDA:35,1,1,9
BRDA:55,2,0,1
BRDA:63,3,0,1
BRDA:63,3,1,1
BRDA:64,4,0,1
BRDA:64,4,1,1
BRDA:91,5,0,2
BRDA:91,5,1,1
BRDA:209,6,0,0
BRF:12
BRH:11
end_of_record
